0 info it worked if it ends with ok
1 verbose cli [ '/usr/local/bin/node', '/usr/local/bin/npm', 'run', 'test' ]
2 info using npm@3.10.10
3 info using node@v6.11.3
4 verbose run-script [ 'pretest', 'test', 'posttest' ]
5 info lifecycle HelloBooks@1.0.0~pretest: HelloBooks@1.0.0
6 silly lifecycle HelloBooks@1.0.0~pretest: no script for pretest, continuing
7 info lifecycle HelloBooks@1.0.0~test: HelloBooks@1.0.0
8 verbose lifecycle HelloBooks@1.0.0~test: unsafe-perm in lifecycle true
9 verbose lifecycle HelloBooks@1.0.0~test: PATH: /usr/local/lib/node_modules/npm/bin/node-gyp-bin:/Users/andeladeveloper/Desktop/HelloBooks/node_modules/.bin:/usr/local/bin:/usr/bin:/bin:/usr/sbin:/sbin
10 verbose lifecycle HelloBooks@1.0.0~test: CWD: /Users/andeladeveloper/Desktop/HelloBooks
11 silly lifecycle HelloBooks@1.0.0~test: Args: [ '-c',
11 silly lifecycle   'npm run migrate:test && babel-node node_modules/babel-istanbul/lib/cli.js cover node_modules/mocha/bin/_mocha -- ./tests/*.test.js' ]
12 silly lifecycle HelloBooks@1.0.0~test: Returned: code: 2  signal: null
13 info lifecycle HelloBooks@1.0.0~test: Failed to exec test script
14 verbose stack Error: HelloBooks@1.0.0 test: `npm run migrate:test && babel-node node_modules/babel-istanbul/lib/cli.js cover node_modules/mocha/bin/_mocha -- ./tests/*.test.js`
14 verbose stack Exit status 2
14 verbose stack     at EventEmitter.<anonymous> (/usr/local/lib/node_modules/npm/lib/utils/lifecycle.js:255:16)
14 verbose stack     at emitTwo (events.js:106:13)
14 verbose stack     at EventEmitter.emit (events.js:191:7)
14 verbose stack     at ChildProcess.<anonymous> (/usr/local/lib/node_modules/npm/lib/utils/spawn.js:40:14)
14 verbose stack     at emitTwo (events.js:106:13)
14 verbose stack     at ChildProcess.emit (events.js:191:7)
14 verbose stack     at maybeClose (internal/child_process.js:920:16)
14 verbose stack     at Process.ChildProcess._handle.onexit (internal/child_process.js:230:5)
15 verbose pkgid HelloBooks@1.0.0
16 verbose cwd /Users/andeladeveloper/Desktop/HelloBooks
17 error Darwin 16.7.0
18 error argv "/usr/local/bin/node" "/usr/local/bin/npm" "run" "test"
19 error node v6.11.3
20 error npm  v3.10.10
21 error code ELIFECYCLE
22 error HelloBooks@1.0.0 test: `npm run migrate:test && babel-node node_modules/babel-istanbul/lib/cli.js cover node_modules/mocha/bin/_mocha -- ./tests/*.test.js`
22 error Exit status 2
23 error Failed at the HelloBooks@1.0.0 test script 'npm run migrate:test && babel-node node_modules/babel-istanbul/lib/cli.js cover node_modules/mocha/bin/_mocha -- ./tests/*.test.js'.
23 error Make sure you have the latest version of node.js and npm installed.
23 error If you do, this is most likely a problem with the HelloBooks package,
23 error not with npm itself.
23 error Tell the author that this fails on your system:
23 error     npm run migrate:test && babel-node node_modules/babel-istanbul/lib/cli.js cover node_modules/mocha/bin/_mocha -- ./tests/*.test.js
23 error You can get information on how to open an issue for this project with:
23 error     npm bugs HelloBooks
23 error Or if that isn't available, you can get their info via:
23 error     npm owner ls HelloBooks
23 error There is likely additional logging output above.
24 verbose exit [ 1, true ]
